[08:56:20] [main/INFO]: Setting user: Player461
[08:56:23] [Client thread/INFO]: LWJGL Version: 2.9.1
[08:56:35] [Client thread/INFO]: Reloading ResourceManager: Default, FMLFileResourcePack:Forge Mod Loader, FMLFileResourcePack:Minecraft Forge, FMLFileResourcePack:Not Enough Items, FMLFileResourcePack:Kvass, FMLFileResourcePack:TerraFirmaCraft+, FMLFileResourcePack:TerraFirmaCraftNEIplugin
[08:56:41] [Sound Library Loader/INFO]: Sound engine started
[08:56:42] [Client thread/INFO]: Created: 16x16 textures/blocks-atlas
[08:56:42] [Client thread/INFO]: Created: 16x16 textures/items-atlas
[08:56:54] [Client thread/INFO]: Reloading ResourceManager: Default, FMLFileResourcePack:Forge Mod Loader, FMLFileResourcePack:Minecraft Forge, FMLFileResourcePack:Not Enough Items, FMLFileResourcePack:Kvass, FMLFileResourcePack:TerraFirmaCraft+, FMLFileResourcePack:TerraFirmaCraftNEIplugin
[08:56:56] [Client thread/INFO]: Created: 1024x1024 textures/blocks-atlas
[08:56:56] [Client thread/INFO]: Created: 1024x512 textures/items-atlas
[08:56:57] [Sound Library Loader/INFO]: Sound engine started
[08:57:14] [Server thread/INFO]: Starting integrated minecraft server version 1.7.10
[08:57:14] [Server thread/INFO]: Generating keypair
[08:57:15] [Server thread/INFO]: Preparing start region for level 0
[08:57:16] [Server thread/INFO]: Preparing spawn area: 23%
[08:57:17] [Server thread/INFO]: Changing view distance to 12, from 10
[08:57:18] [Server thread/INFO]: Player461[local:E:abd63870] logged in with entity id 271 at (265.5975245327616, 146.0, -4863.349248184922)
[08:57:18] [Server thread/INFO]: Player461 joined the game
[08:57:24] [Server thread/WARN]: Can't keep up! Did the system time change, or is the server overloaded? Running 5104ms behind, skipping 102 tick(s)
[08:57:28] [Server thread/INFO]: Player461 has just earned the achievement [Taking Inventory]
[08:57:29] [Client thread/INFO]: [CHAT] Player461 has just earned the achievement [Taking Inventory]
[08:58:10] [Server thread/WARN]: Can't keep up! Did the system time change, or is the server overloaded? Running 28975ms behind, skipping 579 tick(s)
[08:58:15] [Server thread/WARN]: Can't keep up! Did the system time change, or is the server overloaded? Running 4981ms behind, skipping 99 tick(s)
[08:59:04] [Server thread/WARN]: Can't keep up! Did the system time change, or is the server overloaded? Running 31033ms behind, skipping 620 tick(s)
[08:59:09] [Server thread/WARN]: Can't keep up! Did the system time change, or is the server overloaded? Running 5256ms behind, skipping 105 tick(s)
[08:59:43] [Server thread/WARN]: Can't keep up! Did the system time change, or is the server overloaded? Running 19134ms behind, skipping 382 tick(s)
[08:59:47] [Server thread/WARN]: Can't keep up! Did the system time change, or is the server overloaded? Running 4172ms behind, skipping 83 tick(s)
[09:00:14] [Server thread/WARN]: Can't keep up! Did the system time change, or is the server overloaded? Running 15233ms behind, skipping 304 tick(s)
[09:00:18] [Server thread/WARN]: Can't keep up! Did the system time change, or is the server overloaded? Running 3796ms behind, skipping 75 tick(s)
[09:00:44] [Server thread/WARN]: Can't keep up! Did the system time change, or is the server overloaded? Running 14512ms behind, skipping 290 tick(s)
[09:00:55] [Server thread/WARN]: Can't keep up! Did the system time change, or is the server overloaded? Running 7483ms behind, skipping 149 tick(s)
[09:01:23] [Server thread/WARN]: Can't keep up! Did the system time change, or is the server overloaded? Running 15806ms behind, skipping 316 tick(s)
[09:01:27] [Server thread/WARN]: Can't keep up! Did the system time change, or is the server overloaded? Running 4551ms behind, skipping 91 tick(s)
[09:02:03] [Server thread/WARN]: Can't keep up! Did the system time change, or is the server overloaded? Running 22060ms behind, skipping 441 tick(s)
[09:02:08] [Server thread/WARN]: Can't keep up! Did the system time change, or is the server overloaded? Running 4380ms behind, skipping 87 tick(s)
[09:02:38] [Server thread/WARN]: Can't keep up! Did the system time change, or is the server overloaded? Running 17261ms behind, skipping 345 tick(s)
[09:02:42] [Server thread/WARN]: Can't keep up! Did the system time change, or is the server overloaded? Running 3716ms behind, skipping 74 tick(s)
[09:03:36] [Server thread/WARN]: Can't keep up! Did the system time change, or is the server overloaded? Running 28099ms behind, skipping 561 tick(s)
[09:03:40] [Server thread/WARN]: Can't keep up! Did the system time change, or is the server overloaded? Running 4051ms behind, skipping 81 tick(s)
[09:04:09] [Server thread/WARN]: Can't keep up! Did the system time change, or is the server overloaded? Running 16652ms behind, skipping 333 tick(s)
[09:04:13] [Server thread/WARN]: Can't keep up! Did the system time change, or is the server overloaded? Running 3813ms behind, skipping 76 tick(s)
[09:04:38] [Server thread/WARN]: Can't keep up! Did the system time change, or is the server overloaded? Running 14031ms behind, skipping 280 tick(s)
[09:04:49] [Server thread/WARN]: Can't keep up! Did the system time change, or is the server overloaded? Running 6965ms behind, skipping 139 tick(s)
[09:05:18] [Server thread/WARN]: Can't keep up! Did the system time change, or is the server overloaded? Running 16231ms behind, skipping 324 tick(s)
[09:05:21] [Server thread/WARN]: Can't keep up! Did the system time change, or is the server overloaded? Running 3668ms behind, skipping 73 tick(s)
[09:05:52] [Server thread/INFO]: [Player461: Added 10000 to the time]
[09:05:52] [Client thread/INFO]: [CHAT] Added 10000 to the time
[09:05:56] [Server thread/INFO]: [Player461: Added 10000 to the time]
[09:05:56] [Client thread/INFO]: [CHAT] Added 10000 to the time
[09:05:59] [Server thread/INFO]: [Player461: Added 10000 to the time]
[09:05:59] [Client thread/INFO]: [CHAT] Added 10000 to the time
[09:06:02] [Server thread/INFO]: [Player461: Added 10000 to the time]
[09:06:02] [Client thread/INFO]: [CHAT] Added 10000 to the time
[09:06:09] [Server thread/WARN]: Can't keep up! Did the system time change, or is the server overloaded? Running 24749ms behind, skipping 494 tick(s)
[09:06:14] [Server thread/WARN]: Can't keep up! Did the system time change, or is the server overloaded? Running 4229ms behind, skipping 84 tick(s)
